#-----------------------------------------------------------
# Vivado v2021.1 (64-bit)
# SW Build 3247384 on Thu Jun 10 19:36:33 MDT 2021
# IP Build 3246043 on Fri Jun 11 00:30:35 MDT 2021
# Start of session at: Wed Dec  8 08:47:07 2021
# Process ID: 9040
# Current directory: D:/Documents/RGBros/Proyecto_RGB
# Command line: vivado.exe -gui_launcher_event rodinguilauncherevent1588 D:\Documents\RGBros\Proyecto_RGB\Proyecto_RGB.xpr
# Log file: D:/Documents/RGBros/Proyecto_RGB/vivado.log
# Journal file: D:/Documents/RGBros/Proyecto_RGB\vivado.jou
#-----------------------------------------------------------
start_gui
open_project D:/Documents/RGBros/Proyecto_RGB/Proyecto_RGB.xpr
WARNING: [filemgmt 56-3] Default IP Output Path : Could not find the directory 'D:/Documents/RGBros/Proyecto_RGB/Proyecto_RGB.gen/sources_1'.
Scanning sources...
Finished scanning sources
INFO: [IP_Flow 19-234] Refreshing IP repositories
INFO: [IP_Flow 19-1704] No user IP repositories specified
INFO: [IP_Flow 19-2313] Loaded Vivado IP repository 'D:/Xilinx/Vivado/2021.1/data/ip'.
open_project: Time (s): cpu = 00:00:15 ; elapsed = 00:00:37 . Memory (MB): peak = 1117.410 ; gain = 0.000
update_compile_order -fileset sources_1
update_compile_order -fileset sources_1
reset_run synth_1
WARNING: [Vivado 12-1017] Problems encountered:
1. Failed to delete one or more files in run directory D:/Documents/RGBros/Proyecto_RGB/Proyecto_RGB.runs/synth_1

launch_runs synth_1 -jobs 6
[Wed Dec  8 08:51:00 2021] Launched synth_1...
Run output will be captured here: D:/Documents/RGBros/Proyecto_RGB/Proyecto_RGB.runs/synth_1/runme.log
reset_run synth_1
WARNING: [Vivado 12-1017] Problems encountered:
1. Failed to delete one or more files in run directory D:/Documents/RGBros/Proyecto_RGB/Proyecto_RGB.runs/synth_1

launch_runs synth_1 -jobs 6
[Wed Dec  8 08:53:48 2021] Launched synth_1...
Run output will be captured here: D:/Documents/RGBros/Proyecto_RGB/Proyecto_RGB.runs/synth_1/runme.log
reset_run synth_1
WARNING: [Vivado 12-1017] Problems encountered:
1. Failed to delete one or more files in run directory D:/Documents/RGBros/Proyecto_RGB/Proyecto_RGB.runs/synth_1

launch_runs synth_1 -jobs 6
[Wed Dec  8 08:55:36 2021] Launched synth_1...
Run output will be captured here: D:/Documents/RGBros/Proyecto_RGB/Proyecto_RGB.runs/synth_1/runme.log
reset_run synth_1
WARNING: [Vivado 12-1017] Problems encountered:
1. Failed to delete one or more files in run directory D:/Documents/RGBros/Proyecto_RGB/Proyecto_RGB.runs/synth_1

launch_runs synth_1 -jobs 6
[Wed Dec  8 08:56:09 2021] Launched synth_1...
Run output will be captured here: D:/Documents/RGBros/Proyecto_RGB/Proyecto_RGB.runs/synth_1/runme.log
reset_run synth_1
WARNING: [Vivado 12-1017] Problems encountered:
1. Failed to delete one or more files in run directory D:/Documents/RGBros/Proyecto_RGB/Proyecto_RGB.runs/synth_1

launch_runs synth_1 -jobs 6
[Wed Dec  8 08:59:37 2021] Launched synth_1...
Run output will be captured here: D:/Documents/RGBros/Proyecto_RGB/Proyecto_RGB.runs/synth_1/runme.log
reset_run synth_1
WARNING: [Vivado 12-1017] Problems encountered:
1. Failed to delete one or more files in run directory D:/Documents/RGBros/Proyecto_RGB/Proyecto_RGB.runs/synth_1

launch_runs synth_1 -jobs 6
[Wed Dec  8 09:02:30 2021] Launched synth_1...
Run output will be captured here: D:/Documents/RGBros/Proyecto_RGB/Proyecto_RGB.runs/synth_1/runme.log
reset_run synth_1
WARNING: [Vivado 12-1017] Problems encountered:
1. Failed to delete one or more files in run directory D:/Documents/RGBros/Proyecto_RGB/Proyecto_RGB.runs/synth_1

launch_runs synth_1 -jobs 6
[Wed Dec  8 09:04:30 2021] Launched synth_1...
Run output will be captured here: D:/Documents/RGBros/Proyecto_RGB/Proyecto_RGB.runs/synth_1/runme.log
reset_run synth_1
WARNING: [Vivado 12-1017] Problems encountered:
1. Failed to delete one or more files in run directory D:/Documents/RGBros/Proyecto_RGB/Proyecto_RGB.runs/synth_1

launch_runs synth_1 -jobs 6
[Wed Dec  8 09:06:34 2021] Launched synth_1...
Run output will be captured here: D:/Documents/RGBros/Proyecto_RGB/Proyecto_RGB.runs/synth_1/runme.log
reset_run synth_1
WARNING: [Vivado 12-1017] Problems encountered:
1. Failed to delete one or more files in run directory D:/Documents/RGBros/Proyecto_RGB/Proyecto_RGB.runs/synth_1

launch_runs synth_1 -jobs 6
[Wed Dec  8 09:07:03 2021] Launched synth_1...
Run output will be captured here: D:/Documents/RGBros/Proyecto_RGB/Proyecto_RGB.runs/synth_1/runme.log
launch_runs impl_1 -jobs 6
[Wed Dec  8 09:08:25 2021] Launched impl_1...
Run output will be captured here: D:/Documents/RGBros/Proyecto_RGB/Proyecto_RGB.runs/impl_1/runme.log
open_run impl_1
INFO: [Device 21-403] Loading part xc7a100tcsg324-1
Netlist sorting complete. Time (s): cpu = 00:00:00 ; elapsed = 00:00:00 . Memory (MB): peak = 1330.273 ; gain = 0.000
INFO: [Project 1-479] Netlist was created with Vivado 2021.1
INFO: [Project 1-570] Preparing netlist for logic optimization
INFO: [Timing 38-478] Restoring timing data from binary archive.
INFO: [Timing 38-479] Binary timing data restore complete.
INFO: [Project 1-856] Restoring constraints from binary archive.
INFO: [Project 1-853] Binary constraint restore complete.
Reading XDEF placement.
Reading placer database...
Reading XDEF routing.
Read XDEF File: Time (s): cpu = 00:00:00 ; elapsed = 00:00:00.028 . Memory (MB): peak = 2001.152 ; gain = 0.000
Restored from archive | CPU: 0.000000 secs | Memory: 0.000000 MB |
Finished XDEF File Restore: Time (s): cpu = 00:00:00 ; elapsed = 00:00:00.028 . Memory (MB): peak = 2001.152 ; gain = 0.000
Netlist sorting complete. Time (s): cpu = 00:00:00 ; elapsed = 00:00:00 . Memory (MB): peak = 2001.152 ; gain = 0.000
INFO: [Project 1-111] Unisim Transformation Summary:
No Unisim elements were transformed.

open_run: Time (s): cpu = 00:00:17 ; elapsed = 00:00:14 . Memory (MB): peak = 2131.832 ; gain = 1014.422
launch_runs impl_1 -to_step write_bitstream -jobs 6
[Wed Dec  8 09:10:22 2021] Launched impl_1...
Run output will be captured here: D:/Documents/RGBros/Proyecto_RGB/Proyecto_RGB.runs/impl_1/runme.log
close_design
exit
INFO: [Common 17-206] Exiting Vivado at Wed Dec  8 09:11:23 2021...
