#-----------------------------------------------------------
# Vivado v2021.1 (64-bit)
# SW Build 3247384 on Thu Jun 10 19:36:33 MDT 2021
# IP Build 3246043 on Fri Jun 11 00:30:35 MDT 2021
# Start of session at: Wed Dec 15 08:11:03 2021
# Process ID: 13564
# Current directory: D:/Documents/RGBros/Proyecto_RGB
# Command line: vivado.exe -gui_launcher_event rodinguilauncherevent6148 D:\Documents\RGBros\Proyecto_RGB\Proyecto_RGB.xpr
# Log file: D:/Documents/RGBros/Proyecto_RGB/vivado.log
# Journal file: D:/Documents/RGBros/Proyecto_RGB\vivado.jou
#-----------------------------------------------------------
start_gui
open_project D:/Documents/RGBros/Proyecto_RGB/Proyecto_RGB.xpr
INFO: [Project 1-313] Project file moved from 'C:/Users/guill/Documents/GitHub/RGBros/Proyecto_RGB' since last save.
WARNING: [filemgmt 56-2] Default IP Output Path : Could not find the directory 'D:/Documents/RGBros/Proyecto_RGB/Proyecto_RGB.gen/sources_1', nor could it be found using path 'C:/Users/guill/Documents/GitHub/RGBros/Proyecto_RGB/Proyecto_RGB.gen/sources_1'.
Scanning sources...
Finished scanning sources
INFO: [IP_Flow 19-234] Refreshing IP repositories
INFO: [IP_Flow 19-1704] No user IP repositories specified
INFO: [IP_Flow 19-2313] Loaded Vivado IP repository 'D:/Xilinx/Vivado/2021.1/data/ip'.
open_project: Time (s): cpu = 00:00:16 ; elapsed = 00:00:37 . Memory (MB): peak = 1118.848 ; gain = 0.000
update_compile_order -fileset sources_1
reset_run synth_1
WARNING: [Vivado 12-1017] Problems encountered:
1. Failed to delete one or more files in run directory D:/Documents/RGBros/Proyecto_RGB/Proyecto_RGB.runs/synth_1

launch_runs synth_1 -jobs 6
[Wed Dec 15 08:13:14 2021] Launched synth_1...
Run output will be captured here: D:/Documents/RGBros/Proyecto_RGB/Proyecto_RGB.runs/synth_1/runme.log
launch_runs impl_1 -jobs 6
[Wed Dec 15 08:14:04 2021] Launched impl_1...
Run output will be captured here: D:/Documents/RGBros/Proyecto_RGB/Proyecto_RGB.runs/impl_1/runme.log
launch_runs impl_1 -to_step write_bitstream -jobs 6
[Wed Dec 15 08:15:08 2021] Launched impl_1...
Run output will be captured here: D:/Documents/RGBros/Proyecto_RGB/Proyecto_RGB.runs/impl_1/runme.log
exit
INFO: [Common 17-206] Exiting Vivado at Wed Dec 15 08:16:54 2021...
