#-----------------------------------------------------------
# Vivado v2021.1 (64-bit)
# SW Build 3247384 on Thu Jun 10 19:36:33 MDT 2021
# IP Build 3246043 on Fri Jun 11 00:30:35 MDT 2021
# Start of session at: Sat Dec 11 09:03:51 2021
# Process ID: 10612
# Current directory: D:/Documents/RGBros/Proyecto_RGB
# Command line: vivado.exe -gui_launcher_event rodinguilauncherevent11080 D:\Documents\RGBros\Proyecto_RGB\Proyecto_RGB.xpr
# Log file: D:/Documents/RGBros/Proyecto_RGB/vivado.log
# Journal file: D:/Documents/RGBros/Proyecto_RGB\vivado.jou
#-----------------------------------------------------------
start_guioopen_project D:/Documents/RGBros/Proyecto_RGB/Proyecto_RGB.xprWWARNING: [filemgmt 56-3] Default IP Output Path : Could not find the directory 'D:/Documents/RGBros/Proyecto_RGB/Proyecto_RGB.gen/sources_1'.Scanning sources...
Finished scanning sources
IINFO: [IP_Flow 19-234] Refreshing IP repositories
INFO: [IP_Flow 19-1704] No user IP repositories specifiedIINFO: [IP_Flow 19-2313] Loaded Vivado IP repository 'D:/Xilinx/Vivado/2021.1/data/ip'.oopen_project: Time (s): cpu = 00:00:18 ; elapsed = 00:00:34 . Memory (MB): peak = 1132.898 ; gain = 0.000update_compile_order -fileset sources_1
cexit
INFO: [Common 17-206] Exiting Vivado at Sat Dec 11 09:12:16 2021...
new/Mux_3x8.vhd w ]
add_files D:/Documents/RGBros/Proyecto_RGB/Proyecto_RGB.srcs/sources_1/new/Mux_3x8.vhd
update_compile_order -fileset sources_1
close [ open D:/Documents/RGBros/Proyecto_RGB/Proyecto_RGB.srcs/sources_1/new/Mux_8a7.vhd w ]
add_files D:/Documents/RGBros/Proyecto_RGB/Proyecto_RGB.srcs/sources_1/new/Mux_8a7.vhd
update_compile_order -fileset sources_1
export_ip_user_files -of_objects  [get_files D:/Documents/RGBros/Proyecto_RGB/Proyecto_RGB.srcs/sources_1/new/Mux_8a7.vhd] -no_script -reset -force -quiet
remove_files  D:/Documents/RGBros/Proyecto_RGB/Proyecto_RGB.srcs/sources_1/new/Mux_8a7.vhd
close [ open D:/Documents/RGBros/Proyecto_RGB/Proyecto_RGB.srcs/sources_1/new/Mux_8x7.vhd w ]
add_files D:/Documents/RGBros/Proyecto_RGB/Proyecto_RGB.srcs/sources_1/new/Mux_8x7.vhd
update_compile_order -fileset sources_1
update_compile_order -fileset sources_1
reset_run synth_1
WARNING: [Vivado 12-1017] Problems encountered:
1. Failed to delete one or more files in run directory D:/Documents/RGBros/Proyecto_RGB/Proyecto_RGB.runs/synth_1

launch_runs synth_1 -jobs 6
[Sat Dec 11 09:44:12 2021] Launched synth_1...
Run output will be captured here: D:/Documents/RGBros/Proyecto_RGB/Proyecto_RGB.runs/synth_1/runme.log
launch_runs impl_1 -jobs 6
[Sat Dec 11 09:45:07 2021] Launched impl_1...
Run output will be captured here: D:/Documents/RGBros/Proyecto_RGB/Proyecto_RGB.runs/impl_1/runme.log
launch_runs impl_1 -to_step write_bitstream -jobs 6
[Sat Dec 11 09:46:34 2021] Launched impl_1...
Run output will be captured here: D:/Documents/RGBros/Proyecto_RGB/Proyecto_RGB.runs/impl_1/runme.log
exit
INFO: [Common 17-206] Exiting Vivado at Sat Dec 11 09:49:06 2021...
