#-----------------------------------------------------------
# Vivado v2021.1 (64-bit)
# SW Build 3247384 on Thu Jun 10 19:36:33 MDT 2021
# IP Build 3246043 on Fri Jun 11 00:30:35 MDT 2021
# Start of session at: Sat Dec  4 08:59:20 2021
# Process ID: 18816
# Current directory: D:/Documents/RGBros/Proyecto_RGB
# Command line: vivado.exe -gui_launcher_event rodinguilauncherevent8764 D:\Documents\RGBros\Proyecto_RGB\Proyecto_RGB.xpr
# Log file: D:/Documents/RGBros/Proyecto_RGB/vivado.log
# Journal file: D:/Documents/RGBros/Proyecto_RGB\vivado.jou
#-----------------------------------------------------------
start_gui
open_project D:/Documents/RGBros/Proyecto_RGB/Proyecto_RGB.xpr
WARNING: [filemgmt 56-3] Default IP Output Path : Could not find the directory 'D:/Documents/RGBros/Proyecto_RGB/Proyecto_RGB.gen/sources_1'.
Scanning sources...
Finished scanning sources
INFO: [IP_Flow 19-234] Refreshing IP repositories
INFO: [IP_Flow 19-1704] No user IP repositories specified
INFO: [IP_Flow 19-2313] Loaded Vivado IP repository 'D:/Xilinx/Vivado/2021.1/data/ip'.
open_project: Time (s): cpu = 00:00:15 ; elapsed = 00:00:31 . Memory (MB): peak = 1118.535 ; gain = 0.000
update_compile_order -fileset sources_1
close [ open D:/Documents/RGBros/Proyecto_RGB/Proyecto_RGB.srcs/sources_1/new/INPUT_MODULE.vhd w ]
add_files D:/Documents/RGBros/Proyecto_RGB/Proyecto_RGB.srcs/sources_1/new/INPUT_MODULE.vhd
update_compile_order -fileset sources_1
close [ open D:/Documents/RGBros/Proyecto_RGB/Proyecto_RGB.srcs/sources_1/new/FSM_MODULE.v w ]
add_files D:/Documents/RGBros/Proyecto_RGB/Proyecto_RGB.srcs/sources_1/new/FSM_MODULE.v
close [ open D:/Documents/RGBros/Proyecto_RGB/Proyecto_RGB.srcs/sources_1/new/RGB_MODULE.vhd w ]
add_files D:/Documents/RGBros/Proyecto_RGB/Proyecto_RGB.srcs/sources_1/new/RGB_MODULE.vhd
update_compile_order -fileset sources_1
export_ip_user_files -of_objects  [get_files D:/Documents/RGBros/Proyecto_RGB/Proyecto_RGB.srcs/sources_1/new/RGB_MODULE.vhd] -no_script -reset -force -quiet
remove_files  D:/Documents/RGBros/Proyecto_RGB/Proyecto_RGB.srcs/sources_1/new/RGB_MODULE.vhd
close [ open D:/Documents/RGBros/Proyecto_RGB/Proyecto_RGB.srcs/sources_1/new/OUTPUT_MODULE.vhd w ]
add_files D:/Documents/RGBros/Proyecto_RGB/Proyecto_RGB.srcs/sources_1/new/OUTPUT_MODULE.vhd
update_compile_order -fileset sources_1
close [ open D:/Documents/RGBros/Proyecto_RGB/Proyecto_RGB.srcs/sources_1/new/INTERFACE_MODULE.vhd w ]
add_files D:/Documents/RGBros/Proyecto_RGB/Proyecto_RGB.srcs/sources_1/new/INTERFACE_MODULE.vhd
update_compile_order -fileset sources_1
close [ open D:/Documents/RGBros/Proyecto_RGB/Proyecto_RGB.srcs/sources_1/new/Comparator.vhd w ]
add_files D:/Documents/RGBros/Proyecto_RGB/Proyecto_RGB.srcs/sources_1/new/Comparator.vhd
update_compile_order -fileset sources_1
close [ open D:/Documents/RGBros/Proyecto_RGB/Proyecto_RGB.srcs/sources_1/new/Prescaler.vhd w ]
add_files D:/Documents/RGBros/Proyecto_RGB/Proyecto_RGB.srcs/sources_1/new/Prescaler.vhd
update_compile_order -fileset sources_1
export_ip_user_files -of_objects  [get_files D:/Documents/RGBros/Proyecto_RGB/Proyecto_RGB.srcs/sources_1/new/Prescaler.vhd] -no_script -reset -force -quiet
remove_files  D:/Documents/RGBros/Proyecto_RGB/Proyecto_RGB.srcs/sources_1/new/Prescaler.vhd
file delete -force D:/Documents/RGBros/Proyecto_RGB/Proyecto_RGB.srcs/sources_1/new/Prescaler.vhd
close [ open D:/Documents/RGBros/Proyecto_RGB/Proyecto_RGB.srcs/sources_1/new/Prescaler.vhd w ]
add_files D:/Documents/RGBros/Proyecto_RGB/Proyecto_RGB.srcs/sources_1/new/Prescaler.vhd
update_compile_order -fileset sources_1
exit
INFO: [Common 17-206] Exiting Vivado at Sat Dec  4 11:18:24 2021...
