#-----------------------------------------------------------
# Vivado v2021.1 (64-bit)
# SW Build 3247384 on Thu Jun 10 19:36:33 MDT 2021
# IP Build 3246043 on Fri Jun 11 00:30:35 MDT 2021
# Start of session at: Fri Dec 10 12:06:09 2021
# Process ID: 3732
# Current directory: D:/Documents/RGBros/Proyecto_RGB
# Command line: vivado.exe -gui_launcher_event rodinguilauncherevent11144 D:\Documents\RGBros\Proyecto_RGB\Proyecto_RGB.xpr
# Log file: D:/Documents/RGBros/Proyecto_RGB/vivado.log
# Journal file: D:/Documents/RGBros/Proyecto_RGB\vivado.jou
#-----------------------------------------------------------
start_gui
open_project D:/Documents/RGBros/Proyecto_RGB/Proyecto_RGB.xpr
WARNING: [filemgmt 56-3] Default IP Output Path : Could not find the directory 'D:/Documents/RGBros/Proyecto_RGB/Proyecto_RGB.gen/sources_1'.
Scanning sources...
Finished scanning sources
INFO: [IP_Flow 19-234] Refreshing IP repositories
INFO: [IP_Flow 19-1704] No user IP repositories specified
INFO: [IP_Flow 19-2313] Loaded Vivado IP repository 'D:/Xilinx/Vivado/2021.1/data/ip'.
open_project: Time (s): cpu = 00:00:13 ; elapsed = 00:00:05 . Memory (MB): peak = 1134.398 ; gain = 0.000
update_compile_order -fileset sources_1
exit
INFO: [Common 17-206] Exiting Vivado at Fri Dec 10 12:13:54 2021...
