#-----------------------------------------------------------
# Vivado v2021.1 (64-bit)
# SW Build 3247384 on Thu Jun 10 19:36:33 MDT 2021
# IP Build 3246043 on Fri Jun 11 00:30:35 MDT 2021
# Start of session at: Tue Dec 14 14:09:43 2021
# Process ID: 11764
# Current directory: C:/Users/guill/Documents/GitHub/RGBros/Proyecto_RGB
# Command line: vivado.exe -gui_launcher_event rodinguilauncherevent7892 C:\Users\guill\Documents\GitHub\RGBros\Proyecto_RGB\Proyecto_RGB.xpr
# Log file: C:/Users/guill/Documents/GitHub/RGBros/Proyecto_RGB/vivado.log
# Journal file: C:/Users/guill/Documents/GitHub/RGBros/Proyecto_RGB\vivado.jou
#-----------------------------------------------------------
start_gui
open_project C:/Users/guill/Documents/GitHub/RGBros/Proyecto_RGB/Proyecto_RGB.xpr
INFO: [Project 1-313] Project file moved from 'D:/Documents/RGBros/Proyecto_RGB' since last save.
WARNING: [filemgmt 56-2] Default IP Output Path : Could not find the directory 'C:/Users/guill/Documents/GitHub/RGBros/Proyecto_RGB/Proyecto_RGB.gen/sources_1', nor could it be found using path 'D:/Documents/RGBros/Proyecto_RGB/Proyecto_RGB.gen/sources_1'.
Scanning sources...
Finished scanning sources
INFO: [IP_Flow 19-234] Refreshing IP repositories
INFO: [IP_Flow 19-1704] No user IP repositories specified
INFO: [IP_Flow 19-2313] Loaded Vivado IP repository 'C:/Xilinx/Vivado/2021.1/data/ip'.
open_project: Time (s): cpu = 00:00:37 ; elapsed = 00:00:47 . Memory (MB): peak = 1101.730 ; gain = 0.000
update_compile_order -fileset sources_1
close [ open C:/Users/guill/Documents/GitHub/RGBros/Proyecto_RGB/Proyecto_RGB.srcs/sources_1/new/FSM_MODULE_2_0.vhd w ]
add_files C:/Users/guill/Documents/GitHub/RGBros/Proyecto_RGB/Proyecto_RGB.srcs/sources_1/new/FSM_MODULE_2_0.vhd
close [ open C:/Users/guill/Documents/GitHub/RGBros/Proyecto_RGB/Proyecto_RGB.srcs/sources_1/new/FSM_MASTER_2_0.vhd w ]
add_files C:/Users/guill/Documents/GitHub/RGBros/Proyecto_RGB/Proyecto_RGB.srcs/sources_1/new/FSM_MASTER_2_0.vhd
update_compile_order -fileset sources_1
update_compile_order -fileset sources_1
reset_run synth_1
WARNING: [Vivado 12-1017] Problems encountered:
1. Failed to delete one or more files in run directory C:/Users/guill/Documents/GitHub/RGBros/Proyecto_RGB/Proyecto_RGB.runs/synth_1

launch_runs synth_1 -jobs 4
[Tue Dec 14 17:58:06 2021] Launched synth_1...
Run output will be captured here: C:/Users/guill/Documents/GitHub/RGBros/Proyecto_RGB/Proyecto_RGB.runs/synth_1/runme.log
exit
INFO: [Common 17-206] Exiting Vivado at Tue Dec 14 18:00:27 2021...
